2025-05-30 17:16:33 [main] INFO  GlobalPage - La pagina abrio correctamente
2025-05-30 17:25:09 [main] INFO  GlobalPage - La pagina abrio correctamente
2025-05-30 17:28:49 [main] INFO  GlobalPage - La pagina abrio correctamente
2025-05-30 17:30:09 [main] INFO  GlobalPage - La pagina abrio correctamente
2025-05-30 17:33:26 [main] INFO  GlobalPage - La pagina abrio correctamente
2025-05-30 17:34:27 [main] INFO  GlobalPage - La pagina abrio correctamente
2025-05-30 17:38:34 [main] INFO  GlobalPage - La pagina abrio correctamente
2025-05-30 17:46:46 [main] INFO  GlobalPage - La pagina abrio correctamente
2025-05-30 18:09:52 [main] INFO  GlobalPage - La pagina abrio correctamente
2025-05-30 18:27:49 [main] ERROR GlobalPage - Error al navegar a la URL: https://www.mercadolibre.com?? 
org.openqa.selenium.WebDriverException: unknown error: net::ERR_NAME_NOT_RESOLVED
  (Session info: chrome=137.0.7151.55)
Build info: version: '4.29.0', revision: '5fc1ec94cb'
System info: os.name: 'Windows 11', os.arch: 'amd64', os.version: '10.0', java.version: '17.0.12'
Driver info: org.openqa.selenium.chrome.ChromeDriver
Command: [5ae90cfc1ba6dbb6d2483db68616131e, get {url=https://www.mercadolibre.com?? }]
Capabilities {acceptInsecureCerts: false, browserName: chrome, browserVersion: 137.0.7151.55, chrome: {chromedriverVersion: 137.0.7151.55 (254bc711794d..., userDataDir: C:\Users\carlo\AppData\Loca...}, fedcm:accounts: true, goog:chromeOptions: {debuggerAddress: localhost:53011}, networkConnectionEnabled: false, pageLoadStrategy: normal, platformName: windows, proxy: Proxy(), se:cdp: ws://localhost:53011/devtoo..., se:cdpVersion: 137.0.7151.55, setWindowRect: true, strictFileInteractability: false, timeouts: {implicit: 0, pageLoad: 300000, script: 30000}, unhandledPromptBehavior: dismiss and notify, webauthn:extension:credBlob: true, webauthn:extension:largeBlob: true, webauthn:extension:minPinLength: true, webauthn:extension:prf: true, webauthn:virtualAuthenticators: true}
Session ID: 5ae90cfc1ba6dbb6d2483db68616131e
	at java.base/jdk.internal.reflect.NativeConstructorAccessorImpl.newInstance0(Native Method) ~[?:?]
	at java.base/jdk.internal.reflect.NativeConstructorAccessorImpl.newInstance(NativeConstructorAccessorImpl.java:77) ~[?:?]
	at java.base/jdk.internal.reflect.DelegatingConstructorAccessorImpl.newInstance(DelegatingConstructorAccessorImpl.java:45) ~[?:?]
	at java.base/java.lang.reflect.Constructor.newInstanceWithCaller(Constructor.java:499) ~[?:?]
	at java.base/java.lang.reflect.Constructor.newInstance(Constructor.java:480) ~[?:?]
	at org.openqa.selenium.remote.ErrorCodec.decode(ErrorCodec.java:167) ~[selenium-remote-driver-4.29.0.jar:?]
	at org.openqa.selenium.remote.codec.w3c.W3CHttpResponseCodec.decode(W3CHttpResponseCodec.java:138) ~[selenium-remote-driver-4.29.0.jar:?]
	at org.openqa.selenium.remote.codec.w3c.W3CHttpResponseCodec.decode(W3CHttpResponseCodec.java:50) ~[selenium-remote-driver-4.29.0.jar:?]
	at org.openqa.selenium.remote.HttpCommandExecutor.execute(HttpCommandExecutor.java:215) ~[selenium-remote-driver-4.29.0.jar:?]
	at org.openqa.selenium.remote.service.DriverCommandExecutor.invokeExecute(DriverCommandExecutor.java:216) ~[selenium-remote-driver-4.29.0.jar:?]
	at org.openqa.selenium.remote.service.DriverCommandExecutor.execute(DriverCommandExecutor.java:174) ~[selenium-remote-driver-4.29.0.jar:?]
	at org.openqa.selenium.remote.RemoteWebDriver.execute(RemoteWebDriver.java:545) ~[selenium-remote-driver-4.29.0.jar:?]
	at org.openqa.selenium.remote.RemoteWebDriver.get(RemoteWebDriver.java:313) ~[selenium-remote-driver-4.29.0.jar:?]
	at pages.GlobalPage.openURL(GlobalPage.java:46) ~[classes/:?]
	at pages.MLPage.abrir_la_pagina_web_www_mercadolibre_com_mx(MLPage.java:17) ~[classes/:?]
	at steps.ML.abrir_la_pagina_web_www_mercadolibre_com_mx(ML.java:18) ~[classes/:?]
	at java.base/jdk.internal.reflect.NativeMethodAccessorImpl.invoke0(Native Method) ~[?:?]
	at java.base/jdk.internal.reflect.NativeMethodAccessorImpl.invoke(NativeMethodAccessorImpl.java:77) ~[?:?]
	at java.base/jdk.internal.reflect.DelegatingMethodAccessorImpl.invoke(DelegatingMethodAccessorImpl.java:43) ~[?:?]
	at java.base/java.lang.reflect.Method.invoke(Method.java:568) ~[?:?]
	at io.cucumber.java.Invoker.doInvoke(Invoker.java:66) ~[cucumber-java-7.21.1.jar:7.21.1]
	at io.cucumber.java.Invoker.invoke(Invoker.java:24) ~[cucumber-java-7.21.1.jar:7.21.1]
	at io.cucumber.java.AbstractGlueDefinition.invokeMethod(AbstractGlueDefinition.java:47) ~[cucumber-java-7.21.1.jar:7.21.1]
	at io.cucumber.java.JavaStepDefinition.execute(JavaStepDefinition.java:29) ~[cucumber-java-7.21.1.jar:7.21.1]
	at io.cucumber.core.runner.CoreStepDefinition.execute(CoreStepDefinition.java:66) ~[cucumber-core-7.21.1.jar:7.21.1]
	at io.cucumber.core.runner.PickleStepDefinitionMatch.runStep(PickleStepDefinitionMatch.java:62) ~[cucumber-core-7.21.1.jar:7.21.1]
	at io.cucumber.core.runner.ExecutionMode$1.execute(ExecutionMode.java:10) ~[cucumber-core-7.21.1.jar:7.21.1]
	at io.cucumber.core.runner.TestStep.executeStep(TestStep.java:81) ~[cucumber-core-7.21.1.jar:7.21.1]
	at io.cucumber.core.runner.TestStep.run(TestStep.java:53) ~[cucumber-core-7.21.1.jar:7.21.1]
	at io.cucumber.core.runner.PickleStepTestStep.run(PickleStepTestStep.java:51) ~[cucumber-core-7.21.1.jar:7.21.1]
	at io.cucumber.core.runner.TestCase.run(TestCase.java:84) ~[cucumber-core-7.21.1.jar:7.21.1]
	at io.cucumber.core.runner.Runner.runPickle(Runner.java:75) ~[cucumber-core-7.21.1.jar:7.21.1]
	at io.cucumber.junit.PickleRunners$NoStepDescriptions.lambda$run$0(PickleRunners.java:151) ~[cucumber-junit-7.21.1.jar:7.21.1]
	at io.cucumber.core.runtime.CucumberExecutionContext.lambda$runTestCase$5(CucumberExecutionContext.java:136) ~[cucumber-core-7.21.1.jar:7.21.1]
	at io.cucumber.core.runtime.RethrowingThrowableCollector.executeAndThrow(RethrowingThrowableCollector.java:23) ~[cucumber-core-7.21.1.jar:7.21.1]
	at io.cucumber.core.runtime.CucumberExecutionContext.runTestCase(CucumberExecutionContext.java:136) ~[cucumber-core-7.21.1.jar:7.21.1]
	at io.cucumber.junit.PickleRunners$NoStepDescriptions.run(PickleRunners.java:148) ~[cucumber-junit-7.21.1.jar:7.21.1]
	at io.cucumber.junit.FeatureRunner.runChild(FeatureRunner.java:144) ~[cucumber-junit-7.21.1.jar:7.21.1]
	at io.cucumber.junit.FeatureRunner.runChild(FeatureRunner.java:28) ~[cucumber-junit-7.21.1.jar:7.21.1]
	at org.junit.runners.ParentRunner$4.run(ParentRunner.java:331) ~[junit-4.13.2.jar:4.13.2]
	at org.junit.runners.ParentRunner$1.schedule(ParentRunner.java:79) ~[junit-4.13.2.jar:4.13.2]
	at org.junit.runners.ParentRunner.runChildren(ParentRunner.java:329) ~[junit-4.13.2.jar:4.13.2]
	at org.junit.runners.ParentRunner.access$100(ParentRunner.java:66) ~[junit-4.13.2.jar:4.13.2]
	at org.junit.runners.ParentRunner$2.evaluate(ParentRunner.java:293) ~[junit-4.13.2.jar:4.13.2]
	at org.junit.runners.ParentRunner$3.evaluate(ParentRunner.java:306) ~[junit-4.13.2.jar:4.13.2]
	at org.junit.runners.ParentRunner.run(ParentRunner.java:413) ~[junit-4.13.2.jar:4.13.2]
	at io.cucumber.junit.FeatureRunner.run(FeatureRunner.java:137) ~[cucumber-junit-7.21.1.jar:7.21.1]
	at io.cucumber.junit.Cucumber.runChild(Cucumber.java:199) ~[cucumber-junit-7.21.1.jar:7.21.1]
	at io.cucumber.junit.Cucumber.runChild(Cucumber.java:89) ~[cucumber-junit-7.21.1.jar:7.21.1]
	at org.junit.runners.ParentRunner$4.run(ParentRunner.java:331) ~[junit-4.13.2.jar:4.13.2]
	at org.junit.runners.ParentRunner$1.schedule(ParentRunner.java:79) ~[junit-4.13.2.jar:4.13.2]
	at org.junit.runners.ParentRunner.runChildren(ParentRunner.java:329) ~[junit-4.13.2.jar:4.13.2]
	at org.junit.runners.ParentRunner.access$100(ParentRunner.java:66) ~[junit-4.13.2.jar:4.13.2]
	at org.junit.runners.ParentRunner$2.evaluate(ParentRunner.java:293) ~[junit-4.13.2.jar:4.13.2]
	at io.cucumber.core.runtime.CucumberExecutionContext.lambda$runFeatures$6(CucumberExecutionContext.java:147) ~[cucumber-core-7.21.1.jar:7.21.1]
	at io.cucumber.core.runtime.CucumberExecutionContext.execute(CucumberExecutionContext.java:162) [cucumber-core-7.21.1.jar:7.21.1]
	at io.cucumber.core.runtime.CucumberExecutionContext.runFeatures(CucumberExecutionContext.java:145) [cucumber-core-7.21.1.jar:7.21.1]
	at io.cucumber.junit.Cucumber$StartAndFinishTestRun.evaluate(Cucumber.java:229) [cucumber-junit-7.21.1.jar:7.21.1]
	at org.junit.runners.ParentRunner$3.evaluate(ParentRunner.java:306) [junit-4.13.2.jar:4.13.2]
	at org.junit.runners.ParentRunner.run(ParentRunner.java:413) [junit-4.13.2.jar:4.13.2]
	at org.apache.maven.surefire.junit4.JUnit4Provider.execute(JUnit4Provider.java:316) [surefire-junit4-3.5.2.jar:3.5.2]
	at org.apache.maven.surefire.junit4.JUnit4Provider.executeWithRerun(JUnit4Provider.java:240) [surefire-junit4-3.5.2.jar:3.5.2]
	at org.apache.maven.surefire.junit4.JUnit4Provider.executeTestSet(JUnit4Provider.java:214) [surefire-junit4-3.5.2.jar:3.5.2]
	at org.apache.maven.surefire.junit4.JUnit4Provider.invoke(JUnit4Provider.java:155) [surefire-junit4-3.5.2.jar:3.5.2]
	at org.apache.maven.surefire.booter.ForkedBooter.runSuitesInProcess(ForkedBooter.java:385) [surefire-booter-3.5.2.jar:3.5.2]
	at org.apache.maven.surefire.booter.ForkedBooter.execute(ForkedBooter.java:162) [surefire-booter-3.5.2.jar:3.5.2]
	at org.apache.maven.surefire.booter.ForkedBooter.run(ForkedBooter.java:507) [surefire-booter-3.5.2.jar:3.5.2]
	at org.apache.maven.surefire.booter.ForkedBooter.main(ForkedBooter.java:495) [surefire-booter-3.5.2.jar:3.5.2]
2025-05-30 18:27:54 [main] INFO  GlobalPage - La pagina abrio correctamente
2025-05-30 18:28:08 [main] ERROR GlobalPage - Error inesperado al hacer clic en el elemento: //*[@id="MX"]
2025-05-30 18:28:28 [main] INFO  GlobalPage - La pagina abrio correctamente
2025-05-30 18:28:29 [main] INFO  GlobalPage - Click exitoso en el elemento: //*[@id="MX"]
2025-05-30 18:28:29 [main] INFO  GlobalPage - Click exitoso en el elemento: /html/body/div[5]/div/div/div[2]/div/div/div[2]/button[2]
2025-05-30 18:28:30 [main] INFO  GlobalPage - Click exitoso en el elemento: //*[@id="cb1-edit"]
2025-05-30 18:28:30 [main] INFO  GlobalPage - Escribiendo 'playstation 5' en el elemento: //*[@id="cb1-edit"]
2025-05-30 18:29:11 [main] INFO  GlobalPage - La pagina abrio correctamente
2025-05-30 18:29:12 [main] INFO  GlobalPage - Click exitoso en el elemento: //*[@id="MX"]
2025-05-30 18:29:13 [main] INFO  GlobalPage - Click exitoso en el elemento: /html/body/div[5]/div/div/div[2]/div/div/div[2]/button[2]
2025-05-30 18:29:13 [main] INFO  GlobalPage - Click exitoso en el elemento: //*[@id="cb1-edit"]
2025-05-30 18:29:13 [main] INFO  GlobalPage - Escribiendo 'playstation 5' en el elemento: //*[@id="cb1-edit"]
2025-05-30 18:45:15 [main] INFO  GlobalPage - La pagina abrio correctamente
2025-05-30 18:45:16 [main] INFO  GlobalPage - Click exitoso en el elemento: //*[@id="MX"]
2025-05-30 18:45:32 [main] ERROR GlobalPage - No se pudo hacer clic: el elemento no fue clickable a tiempo. XPath: //*[@id="root-app"]/div/div[2]/aside/section[2]/div[5]/ul/li[1]
2025-05-30 19:08:10 [main] INFO  GlobalPage - La pagina abrio correctamente
2025-05-30 19:08:12 [main] INFO  GlobalPage - Click exitoso en el elemento: //*[@id="MX"]
2025-05-30 19:08:12 [main] INFO  GlobalPage - Click exitoso en el elemento: /html/body/div[5]/div/div/div[2]/div/div/div[2]/button[2]
2025-05-30 19:08:55 [main] INFO  GlobalPage - La pagina abrio correctamente
2025-05-30 19:08:57 [main] INFO  GlobalPage - Click exitoso en el elemento: //*[@id="MX"]
2025-05-30 19:09:12 [main] ERROR GlobalPage - No se pudo hacer clic: el elemento no fue clickable a tiempo. XPath: /html/body/div[5]/div/div/div[2]/div/div/div[2]/button[2]
2025-05-30 19:10:40 [main] INFO  GlobalPage - La pagina abrio correctamente
2025-05-30 19:10:41 [main] INFO  GlobalPage - Click exitoso en el elemento: //*[@id="MX"]
2025-05-30 19:10:42 [main] INFO  GlobalPage - Click exitoso en el elemento: /html/body/div[5]/div/div/div[2]/div/div/div[2]/button[2]
2025-05-30 19:12:14 [main] INFO  GlobalPage - La pagina abrio correctamente
2025-05-30 19:12:16 [main] INFO  GlobalPage - Click exitoso en el elemento: //*[@id="MX"]
2025-05-30 19:12:31 [main] ERROR GlobalPage - No se pudo hacer clic: el elemento no fue clickable a tiempo. XPath: /html/body/div[5]/div/div/div[2]/div/div/div[2]/button[2]
2025-05-30 19:12:31 [main] INFO  GlobalPage - Popoop NO visible
2025-05-30 19:13:22 [main] INFO  GlobalPage - La pagina abrio correctamente
2025-05-30 19:13:24 [main] INFO  GlobalPage - Click exitoso en el elemento: //*[@id="MX"]
2025-05-30 19:13:24 [main] INFO  GlobalPage - Click exitoso en el elemento: /html/body/div[5]/div/div/div[2]/div/div/div[2]/button[2]
2025-05-30 19:13:24 [main] INFO  GlobalPage - Click exitoso en el elemento: //*[@id="cb1-edit"]
2025-05-30 19:13:25 [main] INFO  GlobalPage - Escribiendo 'playstation 5' en el elemento: //*[@id="cb1-edit"]
2025-05-30 19:13:28 [main] INFO  GlobalPage - Click exitoso en el elemento: /html/body/header/div/div[2]/form/button
2025-05-30 19:13:30 [main] INFO  GlobalPage - Click exitoso en el elemento: //*[@id="root-app"]/div/div[2]/aside/section[2]/div[5]/ul/li[1]
2025-05-30 19:13:30 [main] INFO  GlobalPage - Click exitoso en el elemento: //*[@id="root-app"]/div/div[2]/aside/section[2]/div[10]/ul/li[1]
2025-05-30 19:13:30 [main] INFO  GlobalPage - Click exitoso en el elemento: //*[@id="root-app"]/div/div[2]/section/div[2]/div[2]/div/div/div[2]
2025-05-30 19:13:31 [main] INFO  GlobalPage - Click exitoso en el elemento: //*[@id=":R1b56ie:-menu-list-option-price_asc"]
2025-05-30 19:17:24 [main] INFO  GlobalPage - La pagina abrio correctamente
2025-05-30 19:17:25 [main] INFO  GlobalPage - Click exitoso en el elemento: //*[@id="MX"]
2025-05-30 19:17:26 [main] INFO  GlobalPage - Click exitoso en el elemento: /html/body/div[5]/div/div/div[2]/div/div/div[2]/button[2]
2025-05-30 19:17:26 [main] INFO  GlobalPage - Click exitoso en el elemento: //*[@id="cb1-edit"]
2025-05-30 19:17:27 [main] INFO  GlobalPage - Escribiendo 'playstation 5' en el elemento: //*[@id="cb1-edit"]
2025-05-30 19:17:30 [main] INFO  GlobalPage - Click exitoso en el elemento: /html/body/header/div/div[2]/form/button
2025-05-30 19:17:34 [main] INFO  GlobalPage - Click exitoso en el elemento: //*[@id="root-app"]/div/div[2]/aside/section[2]/div[5]/ul/li[1]
2025-05-30 19:17:38 [main] INFO  GlobalPage - Click exitoso en el elemento: //*[@id="root-app"]/div/div[2]/aside/section[2]/div[10]/ul/li[1]
2025-05-30 19:17:40 [main] INFO  GlobalPage - Click exitoso en el elemento: //*[@id="root-app"]/div/div[2]/section/div[2]/div[2]/div/div/div[2]
2025-05-30 19:17:43 [main] INFO  GlobalPage - Click exitoso en el elemento: //*[@id=":R1b56ie:-menu-list-option-price_asc"]
2025-05-30 19:25:44 [main] INFO  GlobalPage - La pagina abrio correctamente
2025-05-30 19:25:45 [main] INFO  GlobalPage - Click exitoso en el elemento: //*[@id="MX"]
2025-05-30 19:26:02 [main] ERROR GlobalPage - No se pudo hacer clic: el elemento no fue clickable a tiempo. XPath: /html/body/div[5]/div/div/div[2]/div/div/div[2]/button[2]
2025-05-30 19:26:02 [main] INFO  GlobalPage - Popoop NO visible
2025-05-30 19:26:02 [main] INFO  GlobalPage - Click exitoso en el elemento: //*[@id="cb1-edit"]
2025-05-30 19:26:02 [main] INFO  GlobalPage - Escribiendo 'playstation 5' en el elemento: //*[@id="cb1-edit"]
2025-05-30 19:26:05 [main] INFO  GlobalPage - Click exitoso en el elemento: /html/body/header/div/div[2]/form/button
2025-05-30 19:26:10 [main] INFO  GlobalPage - Click exitoso en el elemento: //*[@id="root-app"]/div/div[2]/aside/section[2]/div[5]/ul/li[1]
2025-05-30 19:26:14 [main] INFO  GlobalPage - Click exitoso en el elemento: //*[@id="root-app"]/div/div[2]/aside/section[2]/div[10]/ul/li[1]
2025-05-30 19:26:16 [main] INFO  GlobalPage - Click exitoso en el elemento: //*[@id="root-app"]/div/div[2]/section/div[2]/div[2]/div/div/div[2]
2025-05-30 19:26:19 [main] INFO  GlobalPage - Click exitoso en el elemento: //*[@id=":R1b56ie:-menu-list-option-price_asc"]
2025-05-30 19:28:50 [main] INFO  GlobalPage - La pagina abrio correctamente
2025-05-30 19:28:51 [main] INFO  GlobalPage - Click exitoso en el elemento: //*[@id="MX"]
2025-05-30 19:28:52 [main] INFO  GlobalPage - Click exitoso en el elemento: /html/body/div[5]/div/div/div[2]/div/div/div[2]/button[2]
2025-05-30 19:28:52 [main] INFO  GlobalPage - Click exitoso en el elemento: //*[@id="cb1-edit"]
2025-05-30 19:28:52 [main] INFO  GlobalPage - Escribiendo 'playstation 5' en el elemento: //*[@id="cb1-edit"]
2025-05-30 19:28:55 [main] INFO  GlobalPage - Click exitoso en el elemento: /html/body/header/div/div[2]/form/button
2025-05-30 19:29:00 [main] INFO  GlobalPage - Click exitoso en el elemento: //*[@id="root-app"]/div/div[2]/aside/section[2]/div[5]/ul/li[1]
2025-05-30 19:29:04 [main] INFO  GlobalPage - Click exitoso en el elemento: //*[@id="root-app"]/div/div[2]/aside/section[2]/div[10]/ul/li[1]
2025-05-30 19:29:06 [main] INFO  GlobalPage - Click exitoso en el elemento: //*[@id="root-app"]/div/div[2]/section/div[2]/div[2]/div/div/div[2]
2025-05-30 19:29:09 [main] INFO  GlobalPage - Click exitoso en el elemento: //*[@id=":R1b56ie:-menu-list-option-price_asc"]
2025-05-30 19:33:26 [main] INFO  GlobalPage - La pagina abrio correctamente
2025-05-30 19:33:27 [main] INFO  GlobalPage - Click exitoso en el elemento: //*[@id="MX"]
2025-05-30 19:33:28 [main] INFO  GlobalPage - Click exitoso en el elemento: /html/body/div[5]/div/div/div[2]/div/div/div[2]/button[2]
2025-05-30 19:33:29 [main] INFO  GlobalPage - Click exitoso en el elemento: //*[@id="cb1-edit"]
2025-05-30 19:33:29 [main] INFO  GlobalPage - Escribiendo 'playstation 5' en el elemento: //*[@id="cb1-edit"]
2025-05-30 19:33:32 [main] INFO  GlobalPage - Click exitoso en el elemento: /html/body/header/div/div[2]/form/button
2025-05-30 19:33:42 [main] ERROR GlobalPage - Error inesperado al hacer clic en el elemento: "//*[text()='" + 'Nuevo' + "']"
2025-05-30 19:35:35 [main] INFO  GlobalPage - La pagina abrio correctamente
2025-05-30 19:35:37 [main] INFO  GlobalPage - Click exitoso en el elemento: //*[@id="MX"]
2025-05-30 19:35:38 [main] INFO  GlobalPage - Click exitoso en el elemento: /html/body/div[5]/div/div/div[2]/div/div/div[2]/button[2]
2025-05-30 19:35:38 [main] INFO  GlobalPage - Click exitoso en el elemento: //*[@id="cb1-edit"]
2025-05-30 19:35:38 [main] INFO  GlobalPage - Escribiendo 'playstation 5' en el elemento: //*[@id="cb1-edit"]
2025-05-30 19:35:41 [main] INFO  GlobalPage - Click exitoso en el elemento: /html/body/header/div/div[2]/form/button
2025-05-30 19:35:47 [main] INFO  GlobalPage - Click exitoso en el elemento: //*[@id="root-app"]/div/div[2]/aside/section[2]/div[4]/ul/li[1]/a
2025-05-30 19:35:51 [main] INFO  GlobalPage - Click exitoso en el elemento: //*[@id="root-app"]/div/div[2]/aside/section[2]/div[10]/ul/li[1]
2025-05-30 19:35:53 [main] INFO  GlobalPage - Click exitoso en el elemento: //*[@id="root-app"]/div/div[2]/section/div[2]/div[2]/div/div/div[2]
2025-05-30 19:35:56 [main] INFO  GlobalPage - Click exitoso en el elemento: //*[@id=":R1b56ie:-menu-list-option-price_asc"]
2025-05-30 19:36:40 [main] INFO  GlobalPage - La pagina abrio correctamente
2025-05-30 19:36:41 [main] INFO  GlobalPage - Click exitoso en el elemento: //*[@id="MX"]
2025-05-30 19:36:45 [main] INFO  GlobalPage - Click exitoso en el elemento: /html/body/div[5]/div/div/div[2]/div/div/div[2]/button[2]
2025-05-30 19:36:45 [main] INFO  GlobalPage - Click exitoso en el elemento: //*[@id="cb1-edit"]
2025-05-30 19:36:46 [main] INFO  GlobalPage - Escribiendo 'playstation 5' en el elemento: //*[@id="cb1-edit"]
2025-05-30 19:36:49 [main] INFO  GlobalPage - Click exitoso en el elemento: /html/body/header/div/div[2]/form/button
2025-05-30 19:36:54 [main] INFO  GlobalPage - Click exitoso en el elemento: //*[@id="root-app"]/div/div[2]/aside/section[2]/div[4]/ul/li[1]/a
2025-05-30 19:36:59 [main] INFO  GlobalPage - Click exitoso en el elemento: //*[@id="root-app"]/div/div[2]/aside/section[2]/div[10]/ul/li[1]
2025-05-30 19:37:01 [main] INFO  GlobalPage - Click exitoso en el elemento: //*[@id="root-app"]/div/div[2]/section/div[2]/div[2]/div/div/div[2]
2025-05-30 19:37:04 [main] INFO  GlobalPage - Click exitoso en el elemento: //*[@id=":R1b56ie:-menu-list-option-price_asc"]
2025-05-30 19:38:06 [main] INFO  GlobalPage - La pagina abrio correctamente
2025-05-30 19:38:07 [main] INFO  GlobalPage - Click exitoso en el elemento: //*[@id="MX"]
2025-05-30 19:38:11 [main] INFO  GlobalPage - Click exitoso en el elemento: /html/body/div[5]/div/div/div[2]/div/div/div[2]/button[2]
2025-05-30 19:38:11 [main] INFO  GlobalPage - Click exitoso en el elemento: //*[@id="cb1-edit"]
2025-05-30 19:38:11 [main] INFO  GlobalPage - Escribiendo 'playstation 5' en el elemento: //*[@id="cb1-edit"]
2025-05-30 19:38:14 [main] INFO  GlobalPage - Click exitoso en el elemento: /html/body/header/div/div[2]/form/button
2025-05-30 19:38:19 [main] INFO  GlobalPage - Click exitoso en el elemento: //*[@id="root-app"]/div/div[2]/aside/section[2]/div[5]/ul/li[1]/a
2025-05-30 19:38:24 [main] INFO  GlobalPage - Click exitoso en el elemento: //*[@id="root-app"]/div/div[2]/aside/section[2]/div[10]/ul/li[1]
2025-05-30 19:38:26 [main] INFO  GlobalPage - Click exitoso en el elemento: //*[@id="root-app"]/div/div[2]/section/div[2]/div[2]/div/div/div[2]
2025-05-30 19:38:29 [main] INFO  GlobalPage - Click exitoso en el elemento: //*[@id=":R1b56ie:-menu-list-option-price_asc"]
2025-05-30 19:39:58 [main] INFO  GlobalPage - La pagina abrio correctamente
2025-05-30 19:39:59 [main] INFO  GlobalPage - Click exitoso en el elemento: //*[@id="MX"]
2025-05-30 19:40:19 [main] ERROR GlobalPage - No se pudo hacer clic: el elemento no fue clickable a tiempo. XPath: /html/body/div[5]/div/div/div[2]/div/div/div[2]/button[2]
2025-05-30 19:40:19 [main] INFO  GlobalPage - Popoop NO visible
2025-05-30 19:40:19 [main] INFO  GlobalPage - Click exitoso en el elemento: //*[@id="cb1-edit"]
2025-05-30 19:40:19 [main] INFO  GlobalPage - Escribiendo 'playstation 5' en el elemento: //*[@id="cb1-edit"]
2025-05-30 19:40:22 [main] INFO  GlobalPage - Click exitoso en el elemento: /html/body/header/div/div[2]/form/button
2025-05-30 19:40:28 [main] INFO  GlobalPage - Click exitoso en el elemento: //*[@id="root-app"]/div/div[2]/aside/section[2]/div[5]/ul/li[1]/a
2025-05-30 19:40:33 [main] INFO  GlobalPage - Click exitoso en el elemento: //*[@id="root-app"]/div/div[2]/aside/section[2]/div[10]/ul/li[1]/a
2025-05-30 19:40:38 [main] INFO  GlobalPage - Click exitoso en el elemento: //*[@id="root-app"]/div/div[2]/section/div[2]/div[2]/div/div/div[2]
2025-05-30 19:40:41 [main] INFO  GlobalPage - Click exitoso en el elemento: //*[@id=":R1b56ie:-menu-list-option-price_asc"]
2025-05-30 19:40:43 [main] INFO  GlobalPage - Producto #1: Consola Playstation 5 Slim 1tb Edición Digital - Precio: $
7,999
2025-05-30 19:45:00 [main] INFO  GlobalPage - La pagina abrio correctamente
2025-05-30 19:45:01 [main] INFO  GlobalPage - Click exitoso en el elemento: //*[@id="MX"]
2025-05-30 19:45:04 [main] INFO  GlobalPage - Click exitoso en el elemento: /html/body/div[5]/div/div/div[2]/div/div/div[2]/button[2]
2025-05-30 19:45:04 [main] INFO  GlobalPage - Click exitoso en el elemento: //*[@id="cb1-edit"]
2025-05-30 19:45:04 [main] INFO  GlobalPage - Escribiendo 'playstation 5' en el elemento: //*[@id="cb1-edit"]
2025-05-30 19:45:07 [main] INFO  GlobalPage - Click exitoso en el elemento: /html/body/header/div/div[2]/form/button
2025-05-30 19:45:12 [main] INFO  GlobalPage - Click exitoso en el elemento: //*[@id="root-app"]/div/div[2]/aside/section[2]/div[5]/ul/li[1]/a
2025-05-30 19:45:17 [main] INFO  GlobalPage - Click exitoso en el elemento: //*[@id="root-app"]/div/div[2]/aside/section[2]/div[10]/ul/li[1]/a
2025-05-30 19:45:22 [main] INFO  GlobalPage - Click exitoso en el elemento: //*[@id="root-app"]/div/div[2]/section/div[2]/div[2]/div/div/div[2]
2025-05-30 19:45:25 [main] INFO  GlobalPage - Click exitoso en el elemento: //*[@id=":R1b56ie:-menu-list-option-price_asc"]
2025-05-30 19:45:27 [main] INFO  GlobalPage - Producto #1: Consola Playstation 5 Slim 1tb Edición Digital - Precio: $
7,999
2025-05-30 19:53:35 [main] INFO  GlobalPage - La pagina abrio correctamente
2025-05-30 19:53:36 [main] INFO  GlobalPage - Click exitoso en el elemento: //*[@id="MX"]
2025-05-30 19:53:40 [main] INFO  GlobalPage - Click exitoso en el elemento: /html/body/div[5]/div/div/div[2]/div/div/div[2]/button[2]
2025-05-30 19:53:41 [main] INFO  GlobalPage - Click exitoso en el elemento: //*[@id="cb1-edit"]
2025-05-30 19:53:41 [main] INFO  GlobalPage - Escribiendo 'playstation 5' en el elemento: //*[@id="cb1-edit"]
2025-05-30 19:53:44 [main] INFO  GlobalPage - Click exitoso en el elemento: /html/body/header/div/div[2]/form/button
2025-05-30 19:53:49 [main] INFO  GlobalPage - Click exitoso en el elemento: //*[@id="root-app"]/div/div[2]/aside/section[2]/div[5]/ul/li[1]/a
2025-05-30 19:53:54 [main] INFO  GlobalPage - Click exitoso en el elemento: //*[@id="root-app"]/div/div[2]/aside/section[2]/div[10]/ul/li[1]/a
2025-05-30 19:54:00 [main] INFO  GlobalPage - Click exitoso en el elemento: //*[@id="root-app"]/div/div[2]/section/div[2]/div[2]/div/div/div[2]
2025-05-30 19:54:03 [main] INFO  GlobalPage - Click exitoso en el elemento: //*[@id=":R1b56ie:-menu-list-option-price_asc"]
2025-05-30 19:54:26 [main] INFO  GlobalPage - Producto #1: Consola Playstation 5 Slim 1tb Edición Digital - Precio: $
7,999
2025-05-30 19:54:26 [main] ERROR GlobalPage - ?? Solo se pudieron obtener 1 productos visibles tras hacer scroll.
2025-05-30 20:02:03 [main] INFO  GlobalPage - La pagina abrio correctamente
2025-05-30 20:02:04 [main] INFO  GlobalPage - Click exitoso en el elemento: //*[@id="MX"]
2025-05-30 20:02:08 [main] INFO  GlobalPage - Click exitoso en el elemento: /html/body/div[5]/div/div/div[2]/div/div/div[2]/button[2]
2025-05-30 20:02:08 [main] INFO  GlobalPage - Click exitoso en el elemento: //*[@id="cb1-edit"]
2025-05-30 20:02:08 [main] INFO  GlobalPage - Escribiendo 'playstation 5' en el elemento: //*[@id="cb1-edit"]
2025-05-30 20:02:11 [main] INFO  GlobalPage - Click exitoso en el elemento: /html/body/header/div/div[2]/form/button
2025-05-30 20:02:16 [main] INFO  GlobalPage - Click exitoso en el elemento: //*[@id="root-app"]/div/div[2]/aside/section[2]/div[5]/ul/li[1]/a
2025-05-30 20:02:21 [main] INFO  GlobalPage - Click exitoso en el elemento: //*[@id="root-app"]/div/div[2]/aside/section[2]/div[10]/ul/li[1]/a
2025-05-30 20:02:27 [main] INFO  GlobalPage - Click exitoso en el elemento: //*[@id="root-app"]/div/div[2]/section/div[2]/div[2]/div/div/div[2]
2025-05-30 20:02:29 [main] INFO  GlobalPage - Click exitoso en el elemento: //*[@id=":R1b56ie:-menu-list-option-price_asc"]
2025-05-30 20:03:02 [main] INFO  GlobalPage - Producto #1: Consola Playstation 5 Slim 1tb Edición Digital - Precio: $
7,999
2025-05-30 20:03:02 [main] ERROR GlobalPage - ?? Solo se pudieron obtener 1 productos visibles tras hacer scroll.
2025-05-30 20:15:25 [main] INFO  GlobalPage - La pagina abrio correctamente
2025-05-30 20:15:27 [main] INFO  GlobalPage - Click exitoso en el elemento: //*[@id="MX"]
2025-05-30 20:15:46 [main] ERROR GlobalPage - No se pudo hacer clic: el elemento no fue clickable a tiempo. XPath: /html/body/div[5]/div/div/div[2]/div/div/div[2]/button[2]
2025-05-30 20:15:46 [main] INFO  GlobalPage - Popoop NO visible
2025-05-30 20:15:47 [main] INFO  GlobalPage - Click exitoso en el elemento: //*[@id="cb1-edit"]
2025-05-30 20:15:47 [main] INFO  GlobalPage - Escribiendo 'playstation 5' en el elemento: //*[@id="cb1-edit"]
2025-05-30 20:15:50 [main] INFO  GlobalPage - Click exitoso en el elemento: /html/body/header/div/div[2]/form/button
2025-05-30 20:15:55 [main] INFO  GlobalPage - Click exitoso en el elemento: //*[@id="root-app"]/div/div[2]/aside/section[2]/div[5]/ul/li[1]/a
2025-05-30 20:16:00 [main] INFO  GlobalPage - Click exitoso en el elemento: //*[@id="root-app"]/div/div[2]/aside/section[2]/div[10]/ul/li[1]/a
2025-05-30 20:16:05 [main] INFO  GlobalPage - Click exitoso en el elemento: //*[@id="root-app"]/div/div[2]/section/div[2]/div[2]/div/div/div[2]
2025-05-30 20:16:08 [main] INFO  GlobalPage - Click exitoso en el elemento: //*[@id=":R1b56ie:-menu-list-option-price_asc"]
2025-05-30 20:19:07 [main] INFO  GlobalPage - La pagina abrio correctamente
2025-05-30 20:19:09 [main] INFO  GlobalPage - Click exitoso en el elemento: //*[@id="MX"]
2025-05-30 20:19:28 [main] ERROR GlobalPage - No se pudo hacer clic: el elemento no fue clickable a tiempo. XPath: /html/body/div[5]/div/div/div[2]/div/div/div[2]/button[2]
2025-05-30 20:19:28 [main] INFO  GlobalPage - Popoop NO visible
2025-05-30 20:19:28 [main] INFO  GlobalPage - Click exitoso en el elemento: //*[@id="cb1-edit"]
2025-05-30 20:19:28 [main] INFO  GlobalPage - Escribiendo 'playstation 5' en el elemento: //*[@id="cb1-edit"]
2025-05-30 20:19:31 [main] INFO  GlobalPage - Click exitoso en el elemento: /html/body/header/div/div[2]/form/button
2025-05-30 20:19:36 [main] INFO  GlobalPage - Click exitoso en el elemento: //*[@id="root-app"]/div/div[2]/aside/section[2]/div[5]/ul/li[1]/a
2025-05-30 20:19:41 [main] INFO  GlobalPage - Click exitoso en el elemento: //*[@id="root-app"]/div/div[2]/aside/section[2]/div[10]/ul/li[1]/a
2025-05-30 20:19:47 [main] INFO  GlobalPage - Click exitoso en el elemento: //*[@id="root-app"]/div/div[2]/section/div[2]/div[2]/div/div/div[2]
2025-05-30 20:19:50 [main] INFO  GlobalPage - Click exitoso en el elemento: //*[@id=":R1b56ie:-menu-list-option-price_asc"]
2025-05-30 20:20:23 [main] ERROR GlobalPage - ?? Solo se pudieron obtener 0 productos visibles tras hacer scroll.
2025-05-30 20:24:47 [main] INFO  GlobalPage - La pagina abrio correctamente
2025-05-30 20:24:48 [main] INFO  GlobalPage - Click exitoso en el elemento: //*[@id="MX"]
2025-05-30 20:24:52 [main] INFO  GlobalPage - Click exitoso en el elemento: /html/body/div[5]/div/div/div[2]/div/div/div[2]/button[2]
2025-05-30 20:24:53 [main] INFO  GlobalPage - Click exitoso en el elemento: //*[@id="cb1-edit"]
2025-05-30 20:24:53 [main] INFO  GlobalPage - Escribiendo 'playstation 5' en el elemento: //*[@id="cb1-edit"]
2025-05-30 20:24:56 [main] INFO  GlobalPage - Click exitoso en el elemento: /html/body/header/div/div[2]/form/button
2025-05-30 20:25:01 [main] INFO  GlobalPage - Click exitoso en el elemento: //*[@id="root-app"]/div/div[2]/aside/section[2]/div[5]/ul/li[1]/a
2025-05-30 20:25:06 [main] INFO  GlobalPage - Click exitoso en el elemento: //*[@id="root-app"]/div/div[2]/aside/section[2]/div[10]/ul/li[1]/a
2025-05-30 20:25:11 [main] INFO  GlobalPage - Click exitoso en el elemento: //*[@id="root-app"]/div/div[2]/section/div[2]/div[2]/div/div/div[2]
2025-05-30 20:25:14 [main] INFO  GlobalPage - Click exitoso en el elemento: //*[@id=":R1b56ie:-menu-list-option-price_asc"]
2025-05-30 20:25:47 [main] INFO  GlobalPage - Producto #1: SONY
Consola Playstation 5 Slim 1tb Edición Digital
Por Slang
$
8,599
$
7,999
6% OFF
en 24 meses sin intereses de
$
333
.
29
Llega gratis mañana sábado
Enviado por
Calificación 4.8 de 5 (953 calificaciones)
4.8
(953) - Precio: SONY
Consola Playstation 5 Slim 1tb Edición Digital
Por Slang
$
8,599
$
7,999
6% OFF
en 24 meses sin intereses de
$
333
.
29
Llega gratis mañana sábado
Enviado por
Calificación 4.8 de 5 (953 calificaciones)
4.8
(953)
2025-05-30 20:25:47 [main] ERROR GlobalPage - ?? Solo se pudieron obtener 1 productos visibles tras hacer scroll.
2025-05-30 20:30:47 [main] INFO  GlobalPage - La pagina abrio correctamente
2025-05-30 20:30:48 [main] INFO  GlobalPage - Click exitoso en el elemento: //*[@id="MX"]
2025-05-30 20:31:08 [main] ERROR GlobalPage - No se pudo hacer clic: el elemento no fue clickable a tiempo. XPath: /html/body/div[5]/div/div/div[2]/div/div/div[2]/button[2]
2025-05-30 20:31:08 [main] INFO  GlobalPage - Popoop NO visible
2025-05-30 20:31:08 [main] INFO  GlobalPage - Click exitoso en el elemento: //*[@id="cb1-edit"]
2025-05-30 20:31:08 [main] INFO  GlobalPage - Escribiendo 'playstation 5' en el elemento: //*[@id="cb1-edit"]
2025-05-30 20:31:11 [main] INFO  GlobalPage - Click exitoso en el elemento: /html/body/header/div/div[2]/form/button
2025-05-30 20:31:16 [main] INFO  GlobalPage - Click exitoso en el elemento: //*[@id="root-app"]/div/div[2]/aside/section[2]/div[5]/ul/li[1]/a
2025-05-30 20:31:22 [main] INFO  GlobalPage - Click exitoso en el elemento: //*[@id="root-app"]/div/div[2]/aside/section[2]/div[10]/ul/li[1]/a
2025-05-30 20:31:27 [main] INFO  GlobalPage - Click exitoso en el elemento: //*[@id="root-app"]/div/div[2]/section/div[2]/div[2]/div/div/div[2]
2025-05-30 20:31:30 [main] INFO  GlobalPage - Click exitoso en el elemento: //*[@id=":R1b56ie:-menu-list-option-price_asc"]
2025-05-30 20:32:03 [main] INFO  GlobalPage - Producto #1: Consola Playstation 5 Slim 1tb Edición Digital - Precio: $
7,999
2025-05-30 20:32:03 [main] ERROR GlobalPage - ?? Solo se pudieron obtener 1 productos visibles tras hacer scroll.
2025-05-30 20:41:56 [main] INFO  GlobalPage - La pagina abrio correctamente
2025-05-30 20:41:58 [main] INFO  GlobalPage - Click exitoso en el elemento: //*[@id="MX"]
2025-05-30 20:42:17 [main] ERROR GlobalPage - No se pudo hacer clic: el elemento no fue clickable a tiempo. XPath: /html/body/div[5]/div/div/div[2]/div/div/div[2]/button[2]
2025-05-30 20:42:17 [main] INFO  GlobalPage - Popoop NO visible
2025-05-30 20:42:18 [main] INFO  GlobalPage - Click exitoso en el elemento: //*[@id="cb1-edit"]
2025-05-30 20:42:18 [main] INFO  GlobalPage - Escribiendo 'playstation 5' en el elemento: //*[@id="cb1-edit"]
2025-05-30 20:42:21 [main] INFO  GlobalPage - Click exitoso en el elemento: /html/body/header/div/div[2]/form/button
2025-05-30 20:42:26 [main] INFO  GlobalPage - Click exitoso en el elemento: //*[@id="root-app"]/div/div[2]/aside/section[2]/div[5]/ul/li[1]/a
2025-05-30 20:42:31 [main] INFO  GlobalPage - Click exitoso en el elemento: //*[@id="root-app"]/div/div[2]/aside/section[2]/div[10]/ul/li[1]/a
2025-05-30 20:42:37 [main] INFO  GlobalPage - Click exitoso en el elemento: //*[@id="root-app"]/div/div[2]/section/div[2]/div[2]/div/div/div[2]
2025-05-30 20:42:39 [main] INFO  GlobalPage - Click exitoso en el elemento: //*[@id=":R1b56ie:-menu-list-option-price_asc"]
2025-05-30 20:42:42 [main] INFO  GlobalPage - Producto #1: Consola Playstation 5 Slim 1tb Edición Digital - Precio: $
11,499
2025-05-30 20:42:42 [main] INFO  GlobalPage - Producto #2: Playstation 5 Digital Con Juego Horizon Forbidden West Laaca - Precio: $
11,625
2025-05-30 20:42:42 [main] ERROR GlobalPage - No se pudo obtener el producto #3: no such element: Unable to locate element: {"method":"xpath","selector":"//*[@id="root-app"]/div/div[2]/section/div[5]/ol/li[13]/div/div/div/div[2]/div/div[1]/div[1]/div/span[1]"}
  (Session info: chrome=137.0.7151.55)
For documentation on this error, please visit: https://www.selenium.dev/documentation/webdriver/troubleshooting/errors#no-such-element-exception
Build info: version: '4.29.0', revision: '5fc1ec94cb'
System info: os.name: 'Windows 11', os.arch: 'amd64', os.version: '10.0', java.version: '17.0.12'
Driver info: org.openqa.selenium.chrome.ChromeDriver
Command: [f332364af783db72688a179879c7e2ed, findElement {using=xpath, value=//*[@id="root-app"]/div/div[2]/section/div[5]/ol/li[13]/div/div/div/div[2]/div/div[1]/div[1]/div/span[1]}]
Capabilities {acceptInsecureCerts: false, browserName: chrome, browserVersion: 137.0.7151.55, chrome: {chromedriverVersion: 137.0.7151.55 (254bc711794d..., userDataDir: C:\Users\carlo\AppData\Loca...}, fedcm:accounts: true, goog:chromeOptions: {debuggerAddress: localhost:62898}, networkConnectionEnabled: false, pageLoadStrategy: normal, platformName: windows, proxy: Proxy(), se:cdp: ws://localhost:62898/devtoo..., se:cdpVersion: 137.0.7151.55, setWindowRect: true, strictFileInteractability: false, timeouts: {implicit: 0, pageLoad: 300000, script: 30000}, unhandledPromptBehavior: dismiss and notify, webauthn:extension:credBlob: true, webauthn:extension:largeBlob: true, webauthn:extension:minPinLength: true, webauthn:extension:prf: true, webauthn:virtualAuthenticators: true}
Session ID: f332364af783db72688a179879c7e2ed
2025-05-30 20:42:42 [main] INFO  GlobalPage - Producto #4: Consola Sony Playstation 5 Ps5 Slim 1tb Edicion Digital Bundle Ratchet & Clank: Rift Apart + Returnal - Precio: $
11,990
2025-05-30 20:42:42 [main] ERROR GlobalPage - No se pudo obtener el producto #5: no such element: Unable to locate element: {"method":"xpath","selector":"//*[@id="root-app"]/div/div[2]/section/div[5]/ol/li[15]/div/div/div/div[2]/div/div[1]/div[1]/div/span[1]"}
  (Session info: chrome=137.0.7151.55)
For documentation on this error, please visit: https://www.selenium.dev/documentation/webdriver/troubleshooting/errors#no-such-element-exception
Build info: version: '4.29.0', revision: '5fc1ec94cb'
System info: os.name: 'Windows 11', os.arch: 'amd64', os.version: '10.0', java.version: '17.0.12'
Driver info: org.openqa.selenium.chrome.ChromeDriver
Command: [f332364af783db72688a179879c7e2ed, findElement {using=xpath, value=//*[@id="root-app"]/div/div[2]/section/div[5]/ol/li[15]/div/div/div/div[2]/div/div[1]/div[1]/div/span[1]}]
Capabilities {acceptInsecureCerts: false, browserName: chrome, browserVersion: 137.0.7151.55, chrome: {chromedriverVersion: 137.0.7151.55 (254bc711794d..., userDataDir: C:\Users\carlo\AppData\Loca...}, fedcm:accounts: true, goog:chromeOptions: {debuggerAddress: localhost:62898}, networkConnectionEnabled: false, pageLoadStrategy: normal, platformName: windows, proxy: Proxy(), se:cdp: ws://localhost:62898/devtoo..., se:cdpVersion: 137.0.7151.55, setWindowRect: true, strictFileInteractability: false, timeouts: {implicit: 0, pageLoad: 300000, script: 30000}, unhandledPromptBehavior: dismiss and notify, webauthn:extension:credBlob: true, webauthn:extension:largeBlob: true, webauthn:extension:minPinLength: true, webauthn:extension:prf: true, webauthn:virtualAuthenticators: true}
Session ID: f332364af783db72688a179879c7e2ed
2025-05-30 20:44:44 [main] INFO  GlobalPage - La pagina abrio correctamente
2025-05-30 20:44:46 [main] INFO  GlobalPage - Click exitoso en el elemento: //*[@id="MX"]
2025-05-30 20:45:05 [main] ERROR GlobalPage - No se pudo hacer clic: el elemento no fue clickable a tiempo. XPath: /html/body/div[5]/div/div/div[2]/div/div/div[2]/button[2]
2025-05-30 20:45:05 [main] INFO  GlobalPage - Popoop NO visible
2025-05-30 20:45:06 [main] INFO  GlobalPage - Click exitoso en el elemento: //*[@id="cb1-edit"]
2025-05-30 20:45:06 [main] INFO  GlobalPage - Escribiendo 'playstation 5' en el elemento: //*[@id="cb1-edit"]
2025-05-30 20:45:09 [main] INFO  GlobalPage - Click exitoso en el elemento: /html/body/header/div/div[2]/form/button
2025-05-30 20:45:14 [main] INFO  GlobalPage - Click exitoso en el elemento: //*[@id="root-app"]/div/div[2]/aside/section[2]/div[5]/ul/li[1]/a
2025-05-30 20:45:19 [main] INFO  GlobalPage - Click exitoso en el elemento: //*[@id="root-app"]/div/div[2]/aside/section[2]/div[10]/ul/li[1]/a
2025-05-30 20:45:25 [main] INFO  GlobalPage - Click exitoso en el elemento: //*[@id="root-app"]/div/div[2]/section/div[2]/div[2]/div/div/div[2]
2025-05-30 20:45:28 [main] INFO  GlobalPage - Click exitoso en el elemento: //*[@id=":R1b56ie:-menu-list-option-price_asc"]
2025-05-30 20:45:30 [main] INFO  GlobalPage - Producto #1: Consola Playstation 5 Slim 1tb Edición Digital - Precio: $
7,999
2025-05-30 20:45:51 [main] ERROR GlobalPage - ?? No se encontró el producto #2 tras hacer scroll.
2025-05-30 20:45:51 [main] INFO  GlobalPage - Producto #3: Sony PlayStation 5 Slim Digital 1TB Bundle con 2 Juegos Digitales CFI-2015 - Precio: $
9,999
2025-05-30 20:45:51 [main] INFO  GlobalPage - Producto #4: Consola Sony Playstation 5 Ps5 Slim 1tb Edicion Digital Bundle Ratchet & Clank: Rift Apart + Returnal - Precio: $
10,000
2025-05-30 20:46:12 [main] ERROR GlobalPage - ?? No se encontró el producto #5 tras hacer scroll.
2025-05-30 20:50:20 [main] INFO  GlobalPage - La pagina abrio correctamente
2025-05-30 20:50:21 [main] INFO  GlobalPage - Click exitoso en el elemento: //*[@id="MX"]
2025-05-30 20:50:25 [main] INFO  GlobalPage - Click exitoso en el elemento: /html/body/div[5]/div/div/div[2]/div/div/div[2]/button[2]
2025-05-30 20:50:25 [main] INFO  GlobalPage - Click exitoso en el elemento: //*[@id="cb1-edit"]
2025-05-30 20:50:25 [main] INFO  GlobalPage - Escribiendo 'playstation 5' en el elemento: //*[@id="cb1-edit"]
2025-05-30 20:50:29 [main] INFO  GlobalPage - Click exitoso en el elemento: /html/body/header/div/div[2]/form/button
2025-05-30 20:50:34 [main] INFO  GlobalPage - Click exitoso en el elemento: //*[@id="root-app"]/div/div[2]/aside/section[2]/div[5]/ul/li[1]/a
2025-05-30 20:50:39 [main] INFO  GlobalPage - Click exitoso en el elemento: //*[@id="root-app"]/div/div[2]/aside/section[2]/div[10]/ul/li[1]/a
2025-05-30 20:50:44 [main] INFO  GlobalPage - Click exitoso en el elemento: //*[@id="root-app"]/div/div[2]/section/div[2]/div[2]/div/div/div[2]
2025-05-30 20:50:47 [main] INFO  GlobalPage - Click exitoso en el elemento: //*[@id=":R1b56ie:-menu-list-option-price_asc"]
2025-05-30 20:50:49 [main] INFO  GlobalPage - Producto #1: Consola Playstation 5 Slim 1tb Edición Digital - Precio: $8,599
2025-05-30 20:50:49 [main] INFO  GlobalPage - Producto #2: Playstation 5 Digital Con Juego Horizon Forbidden West Laaca - Precio: $7,999
2025-05-30 20:50:49 [main] INFO  GlobalPage - Producto #3: Sony PlayStation 5 Slim Digital 1TB Bundle con 2 Juegos Digitales CFI-2015 - Precio: $333
2025-05-30 20:50:49 [main] INFO  GlobalPage - Producto #4: Consola Sony Playstation 5 Ps5 Slim 1tb Edicion Digital Bundle Ratchet & Clank: Rift Apart + Returnal - Precio: $9,850
2025-05-30 20:50:49 [main] INFO  GlobalPage - Producto #5: Consola Playstation 5 Edición Digital Color Blanco/negro - Precio: $9,999
2025-05-30 20:59:23 [main] INFO  GlobalPage - La pagina abrio correctamente
2025-05-30 20:59:25 [main] INFO  GlobalPage - Click exitoso en el elemento: //*[@id="MX"]
2025-05-30 20:59:45 [main] ERROR GlobalPage - No se pudo hacer clic: el elemento no fue clickable a tiempo. XPath: /html/body/div[5]/div/div/div[2]/div/div/div[2]/button[2]
2025-05-30 20:59:45 [main] INFO  GlobalPage - Popoop NO visible
2025-05-30 20:59:45 [main] INFO  GlobalPage - Click exitoso en el elemento: //*[@id="cb1-edit"]
2025-05-30 20:59:45 [main] INFO  GlobalPage - Escribiendo 'playstation 5' en el elemento: //*[@id="cb1-edit"]
2025-05-30 20:59:48 [main] INFO  GlobalPage - Click exitoso en el elemento: /html/body/header/div/div[2]/form/button
2025-05-30 20:59:54 [main] INFO  GlobalPage - Click exitoso en el elemento: //*[@id="root-app"]/div/div[2]/aside/section[2]/div[5]/ul/li[1]/a
2025-05-30 20:59:59 [main] INFO  GlobalPage - Click exitoso en el elemento: //*[@id="root-app"]/div/div[2]/aside/section[2]/div[10]/ul/li[1]/a
2025-05-30 21:00:04 [main] INFO  GlobalPage - Click exitoso en el elemento: //*[@id="root-app"]/div/div[2]/section/div[2]/div[2]/div/div/div[2]
2025-05-30 21:00:07 [main] INFO  GlobalPage - Click exitoso en el elemento: //*[@id=":R1b56ie:-menu-list-option-price_asc"]
2025-05-30 21:00:09 [main] INFO  GlobalPage - Producto #1: Consola Playstation 5 Slim 1tb Edición Digital - Precio: $8,599
2025-05-30 21:00:09 [main] INFO  GlobalPage - Producto #2: Playstation 5 Digital Con Juego Horizon Forbidden West Laaca - Precio: $7,999
2025-05-30 21:00:09 [main] INFO  GlobalPage - Producto #3: Sony PlayStation 5 Slim Digital 1TB Bundle con 2 Juegos Digitales CFI-2015 - Precio: $333
2025-05-30 21:00:09 [main] INFO  GlobalPage - Producto #4: Consola Sony Playstation 5 Ps5 Slim 1tb Edicion Digital Bundle Ratchet & Clank: Rift Apart + Returnal - Precio: $9,850
2025-05-30 21:00:09 [main] INFO  GlobalPage - Producto #5: Consola Playstation 5 Edición Digital Color Blanco/negro - Precio: $9,999
2025-05-30 21:05:45 [main] INFO  GlobalPage - La pagina abrio correctamente
2025-05-30 21:05:47 [main] INFO  GlobalPage - Click exitoso en el elemento: //*[@id="MX"]
2025-05-30 21:05:51 [main] INFO  GlobalPage - Click exitoso en el elemento: /html/body/div[5]/div/div/div[2]/div/div/div[2]/button[2]
2025-05-30 21:05:52 [main] INFO  GlobalPage - Click exitoso en el elemento: //*[@id="cb1-edit"]
2025-05-30 21:05:52 [main] INFO  GlobalPage - Escribiendo 'playstation 5' en el elemento: //*[@id="cb1-edit"]
2025-05-30 21:05:55 [main] INFO  GlobalPage - Click exitoso en el elemento: /html/body/header/div/div[2]/form/button
2025-05-30 21:06:00 [main] INFO  GlobalPage - Click exitoso en el elemento: //*[@id="root-app"]/div/div[2]/aside/section[2]/div[5]/ul/li[1]/a
2025-05-30 21:06:05 [main] INFO  GlobalPage - Click exitoso en el elemento: //*[@id="root-app"]/div/div[2]/aside/section[2]/div[10]/ul/li[1]/a
2025-05-30 21:06:10 [main] INFO  GlobalPage - Click exitoso en el elemento: //*[@id="root-app"]/div/div[2]/section/div[2]/div[2]/div/div/div[2]
2025-05-30 21:06:13 [main] INFO  GlobalPage - Click exitoso en el elemento: //*[@id=":R1b56ie:-menu-list-option-price_asc"]
2025-05-30 21:06:15 [main] INFO  GlobalPage - Producto #1: Consola Playstation 5 Slim 1tb Edición Digital - Precio: $8,599
2025-05-30 21:06:15 [main] INFO  GlobalPage - Producto #2: Playstation 5 Digital Con Juego Horizon Forbidden West Laaca - Precio: $7,999
2025-05-30 21:06:15 [main] INFO  GlobalPage - Producto #3: Sony PlayStation 5 Slim Digital 1TB Bundle con 2 Juegos Digitales CFI-2015 - Precio: $333
2025-05-30 21:06:15 [main] INFO  GlobalPage - Producto #4: Consola Sony Playstation 5 Ps5 Slim 1tb Edicion Digital Bundle Ratchet & Clank: Rift Apart + Returnal - Precio: $9,850
2025-05-30 21:06:15 [main] INFO  GlobalPage - Producto #5: Consola Playstation 5 Edición Digital Color Blanco/negro - Precio: $9,999
2025-05-30 21:10:22 [main] INFO  GlobalPage - La pagina abrio correctamente
2025-05-30 21:10:23 [main] INFO  GlobalPage - Click exitoso en el elemento: //*[@id="MX"]
2025-05-30 21:10:27 [main] INFO  GlobalPage - Click exitoso en el elemento: /html/body/div[5]/div/div/div[2]/div/div/div[2]/button[2]
2025-05-30 21:10:27 [main] INFO  GlobalPage - Click exitoso en el elemento: //*[@id="cb1-edit"]
2025-05-30 21:10:28 [main] INFO  GlobalPage - Escribiendo 'playstation 5' en el elemento: //*[@id="cb1-edit"]
2025-05-30 21:10:31 [main] INFO  GlobalPage - Click exitoso en el elemento: /html/body/header/div/div[2]/form/button
2025-05-30 21:10:36 [main] INFO  GlobalPage - Click exitoso en el elemento: //*[@id="root-app"]/div/div[2]/aside/section[2]/div[5]/ul/li[1]/a
2025-05-30 21:10:41 [main] INFO  GlobalPage - Click exitoso en el elemento: //*[@id="root-app"]/div/div[2]/aside/section[2]/div[10]/ul/li[1]/a
2025-05-30 21:10:46 [main] INFO  GlobalPage - Click exitoso en el elemento: //*[@id="root-app"]/div/div[2]/section/div[2]/div[2]/div/div/div[2]
2025-05-30 21:10:49 [main] INFO  GlobalPage - Click exitoso en el elemento: //*[@id=":R1b56ie:-menu-list-option-price_asc"]
2025-05-30 21:10:51 [main] INFO  GlobalPage - Producto #1: Consola Playstation 5 Slim 1tb Edición Digital - Precio: $8,599
2025-05-30 21:10:51 [main] INFO  GlobalPage - Producto #2: Playstation 5 Digital Con Juego Horizon Forbidden West Laaca - Precio: $7,999
2025-05-30 21:10:51 [main] INFO  GlobalPage - Producto #3: Sony PlayStation 5 Slim Digital 1TB Bundle con 2 Juegos Digitales CFI-2015 - Precio: $333
2025-05-30 21:10:51 [main] INFO  GlobalPage - Producto #4: Consola Sony Playstation 5 Ps5 Slim 1tb Edicion Digital Bundle Ratchet & Clank: Rift Apart + Returnal - Precio: $9,850
2025-05-30 21:10:51 [main] INFO  GlobalPage - Producto #5: Consola Playstation 5 Edición Digital Color Blanco/negro - Precio: $9,999
2025-05-30 21:14:54 [main] INFO  GlobalPage - La pagina abrio correctamente
2025-05-30 21:14:55 [main] INFO  GlobalPage - Click exitoso en el elemento: //*[@id="MX"]
2025-05-30 21:14:59 [main] INFO  GlobalPage - Click exitoso en el elemento: /html/body/div[5]/div/div/div[2]/div/div/div[2]/button[2]
2025-05-30 21:14:59 [main] INFO  GlobalPage - Click exitoso en el elemento: //*[@id="cb1-edit"]
2025-05-30 21:14:59 [main] INFO  GlobalPage - Escribiendo 'playstation 5' en el elemento: //*[@id="cb1-edit"]
2025-05-30 21:15:02 [main] INFO  GlobalPage - Click exitoso en el elemento: /html/body/header/div/div[2]/form/button
2025-05-30 21:15:08 [main] INFO  GlobalPage - Click exitoso en el elemento: //*[@id="root-app"]/div/div[2]/aside/section[2]/div[5]/ul/li[1]/a
2025-05-30 21:15:13 [main] INFO  GlobalPage - Click exitoso en el elemento: //*[@id="root-app"]/div/div[2]/aside/section[2]/div[10]/ul/li[1]/a
2025-05-30 21:15:18 [main] INFO  GlobalPage - Click exitoso en el elemento: //*[@id="root-app"]/div/div[2]/section/div[2]/div[2]/div/div/div[2]
2025-05-30 21:15:21 [main] INFO  GlobalPage - Click exitoso en el elemento: //*[@id=":R1b56ie:-menu-list-option-price_asc"]
2025-05-30 21:15:23 [main] INFO  GlobalPage - Producto #1: Consola Playstation 5 Slim 1tb Edición Digital - Precio: $8,599
2025-05-30 21:15:23 [main] INFO  GlobalPage - Producto #2: Playstation 5 Digital Con Juego Horizon Forbidden West Laaca - Precio: $7,999
2025-05-30 21:15:23 [main] INFO  GlobalPage - Producto #3: Sony PlayStation 5 Slim Digital 1TB Bundle con 2 Juegos Digitales CFI-2015 - Precio: $333
2025-05-30 21:15:23 [main] INFO  GlobalPage - Producto #4: Consola Sony Playstation 5 Ps5 Slim 1tb Edicion Digital Bundle Ratchet & Clank: Rift Apart + Returnal - Precio: $9,850
2025-05-30 21:15:23 [main] INFO  GlobalPage - Producto #5: Consola Playstation 5 Edición Digital Color Blanco/negro - Precio: $9,999
2025-05-30 21:18:53 [main] INFO  GlobalPage - La pagina abrio correctamente
2025-05-30 21:18:54 [main] INFO  GlobalPage - Click exitoso en el elemento: //*[@id="MX"]
2025-05-30 21:18:58 [main] INFO  GlobalPage - Click exitoso en el elemento: /html/body/div[5]/div/div/div[2]/div/div/div[2]/button[2]
2025-05-30 21:18:58 [main] INFO  GlobalPage - Click exitoso en el elemento: //*[@id="cb1-edit"]
2025-05-30 21:18:58 [main] INFO  GlobalPage - Escribiendo 'playstation 5' en el elemento: //*[@id="cb1-edit"]
2025-05-30 21:19:01 [main] INFO  GlobalPage - Click exitoso en el elemento: /html/body/header/div/div[2]/form/button
2025-05-30 21:19:06 [main] INFO  GlobalPage - Click exitoso en el elemento: //*[@id="root-app"]/div/div[2]/aside/section[2]/div[5]/ul/li[1]/a
2025-05-30 21:19:11 [main] INFO  GlobalPage - Click exitoso en el elemento: //*[@id="root-app"]/div/div[2]/aside/section[2]/div[10]/ul/li[1]/a
2025-05-30 21:19:17 [main] INFO  GlobalPage - Click exitoso en el elemento: //*[@id="root-app"]/div/div[2]/section/div[2]/div[2]/div/div/div[2]
2025-05-30 21:19:19 [main] INFO  GlobalPage - Click exitoso en el elemento: //*[@id=":R1b56ie:-menu-list-option-price_asc"]
2025-05-30 21:19:22 [main] INFO  GlobalPage - Producto #1: Consola Playstation 5 Slim 1tb Edición Digital - Precio: $8,599
2025-05-30 21:19:22 [main] INFO  GlobalPage - Producto #2: Playstation 5 Digital Con Juego Horizon Forbidden West Laaca - Precio: $7,999
2025-05-30 21:19:22 [main] INFO  GlobalPage - Producto #3: Sony PlayStation 5 Slim Digital 1TB Bundle con 2 Juegos Digitales CFI-2015 - Precio: $333
2025-05-30 21:19:22 [main] INFO  GlobalPage - Producto #4: Consola Sony Playstation 5 Ps5 Slim 1tb Edicion Digital Bundle Ratchet & Clank: Rift Apart + Returnal - Precio: $9,850
2025-05-30 21:19:22 [main] INFO  GlobalPage - Producto #5: Consola Playstation 5 Edición Digital Color Blanco/negro - Precio: $9,999
